Arguments: 
  /usr/bin/node /usr/share/yarn/bin/yarn.js add @rails/webpacker@3.5.3 bulma@0.7.2

PATH: 
  /home/vagrant/.rvm/gems/ruby-2.4.4/bin:/home/vagrant/.rvm/gems/ruby-2.4.4@global/bin:/home/vagrant/.rvm/rubies/ruby-2.4.4/bin:/home/vagrant/.rvm/bin:/home/vagrant/.rbenv/shims:/home/vagrant/.rbenv/bin:/usr/local/sbin:/usr/local/bin:/usr/sbin:/usr/bin:/sbin:/bin:/usr/games:/usr/local/games

Yarn version: 
  1.12.3

Node version: 
  8.12.0

Platform: 
  linux x64

Trace: 
  Error: EPROTO: protocol error, symlink '../../../../js-yaml/bin/js-yaml.js' -> '/vagrant/projetos/ruby_on_rails/spotcode/node_modules/@rails/webpacker/node_modules/.bin/js-yaml'

npm manifest: 
  {
    "name": "spotcode",
    "version": "1.0.0",
    "description": "This README would normally document whatever steps are necessary to get the application up and running.",
    "main": "index.js",
    "directories": {
      "lib": "lib",
      "test": "test"
    },
    "dependencies": {},
    "devDependencies": {},
    "scripts": {
      "test": "echo \"Error: no test specified\" && exit 1"
    },
    "keywords": [],
    "author": "",
    "license": "ISC"
  }

yarn manifest: 
  No manifest

Lockfile: 
  # THIS IS AN AUTOGENERATED FILE. DO NOT EDIT THIS FILE DIRECTLY.
  # yarn lockfile v1
